Arguments: 
  D:\nodejs\node.exe D:\yarn\bin\yarn.js add eacharts

PATH: 
  D:\Program Files\cmder\vendor\git-for-windows\mingw64\bin;D:\Program Files\cmder\vendor\git-for-windows\usr\bin;C:\Users\minu\bin;C:\Users\minu\Desktop\echarts1\node_modules\.bin;C:\WINDOWS\system32;C:\WINDOWS;C:\WINDOWS\System32\Wbem;C:\WINDOWS\System32\WindowsPowerShell\v1.0;C:\WINDOWS\System32\OpenSSH;C:\Program Files (x86)\NVIDIA Corporation\PhysX\Common;D:\nodejs;C:\Users\minu\AppData\Roaming\npm;D:\yarn\bin;D:\hugo;C:\Users\minu\AppData\Local\Programs\Python\Python38-32\Scripts;C:\Users\minu\AppData\Local\Programs\Python\Python38-32;C:\Users\minu\AppData\Local\Microsoft\WindowsApps;C:\Users\minu\AppData\Local\Programs\Microsoft VS Code\bin;C:\Users\minu\AppData\Local\Yarn\bin;C:\Program Files\JetBrains\WebStorm 2020.1.1\bin

Yarn version: 
  1.22.1

Node version: 
  10.19.0

Platform: 
  win32 x64

Trace: 
  Error: https://registry.npm.taobao.org/eacharts: Not found
      at Request.params.callback [as _callback] (D:\yarn\lib\cli.js:66091:18)
      at Request.self.callback (D:\yarn\lib\cli.js:140743:22)
      at Request.emit (events.js:198:13)
      at Request.<anonymous> (D:\yarn\lib\cli.js:141715:10)
      at Request.emit (events.js:198:13)
      at IncomingMessage.<anonymous> (D:\yarn\lib\cli.js:141637:12)
      at Object.onceWrapper (events.js:286:20)
      at IncomingMessage.emit (events.js:203:15)
      at endReadableNT (_stream_readable.js:1145:12)
      at process._tickCallback (internal/process/next_tick.js:63:19)

npm manifest: 
  {
    "dependencies": {
      "echarts": "^4.8.0",
      "vue": "*",
      "vue-hot-reload-api": "^2.3.4",
      "vue-property-decorator": "^8.4.2"
    },
    "devDependencies": {
      "@types/echarts": "^4.6.1",
      "@types/vue": "^2.0.0",
      "@vue/component-compiler-utils": "^3.1.2",
      "typescript": "^3.9.5",
      "vue-template-compiler": "^2.6.11"
    }
  }

yarn manifest: 
  No manifest

Lockfile: 
  # THIS IS AN AUTOGENERATED FILE. DO NOT EDIT THIS FILE DIRECTLY.
  # yarn lockfile v1
  
  
  "@types/echarts@^4.6.1":
    version "4.6.1"
    resolved "https://registry.npm.taobao.org/@types/echarts/download/@types/echarts-4.6.1.tgz?cache=0&sync_timestamp=1591050625631&other_urls=https%3A%2F%2Fregistry.npm.taobao.org%2F%40types%2Fecharts%2Fdownload%2F%40types%2Fecharts-4.6.1.tgz#de6ede6b8069123150d53f3350f9e38533f1970e"
    integrity sha1-3m7ea4BpEjFQ1T8zUPnjhTPxlw4=
    dependencies:
      "@types/zrender" "*"
  
  "@types/vue@^2.0.0":
    version "2.0.0"
    resolved "https://registry.npm.taobao.org/@types/vue/download/@types/vue-2.0.0.tgz#ec77b3d89591deb9ca5cb052368aa9c32be088e7"
    integrity sha1-7Hez2JWR3rnKXLBSNoqpwyvgiOc=
    dependencies:
      vue "*"
  
  "@types/zrender@*":
    version "4.0.0"
    resolved "https://registry.npm.taobao.org/@types/zrender/download/@types/zrender-4.0.0.tgz#a6806f12ec4eccaaebd9b0d816f049aca6188fbd"
    integrity sha1-poBvEuxOzKrr2bDYFvBJrKYYj70=
  
  "@vue/component-compiler-utils@^3.1.2":
    version "3.1.2"
    resolved "https://registry.npm.taobao.org/@vue/component-compiler-utils/download/@vue/component-compiler-utils-3.1.2.tgz#8213a5ff3202f9f2137fe55370f9e8b9656081c3"
    integrity sha1-ghOl/zIC+fITf+VTcPnouWVggcM=
    dependencies:
      consolidate "^0.15.1"
      hash-sum "^1.0.2"
      lru-cache "^4.1.2"
      merge-source-map "^1.1.0"
      postcss "^7.0.14"
      postcss-selector-parser "^6.0.2"
      source-map "~0.6.1"
      vue-template-es2015-compiler "^1.9.0"
    optionalDependencies:
      prettier "^1.18.2"
  
  ansi-styles@^3.2.1:
    version "3.2.1"
    resolved "https://registry.npm.taobao.org/ansi-styles/download/ansi-styles-3.2.1.tgz#41fbb20243e50b12be0f04b8dedbf07520ce841d"
    integrity sha1-QfuyAkPlCxK+DwS43tvwdSDOhB0=
    dependencies:
      color-convert "^1.9.0"
  
  bluebird@^3.1.1:
    version "3.7.2"
    resolved "https://registry.npm.taobao.org/bluebird/download/bluebird-3.7.2.tgz#9f229c15be272454ffa973ace0dbee79a1b0c36f"
    integrity sha1-nyKcFb4nJFT/qXOs4NvueaGww28=
  
  chalk@^2.4.2:
    version "2.4.2"
    resolved "https://registry.npm.taobao.org/chalk/download/chalk-2.4.2.tgz#cd42541677a54333cf541a49108c1432b44c9424"
    integrity sha1-zUJUFnelQzPPVBpJEIwUMrRMlCQ=
    dependencies:
      ansi-styles "^3.2.1"
      escape-string-regexp "^1.0.5"
      supports-color "^5.3.0"
  
  color-convert@^1.9.0:
    version "1.9.3"
    resolved "https://registry.npm.taobao.org/color-convert/download/color-convert-1.9.3.tgz?cache=0&sync_timestamp=1566248870121&other_urls=https%3A%2F%2Fregistry.npm.taobao.org%2Fcolor-convert%2Fdownload%2Fcolor-convert-1.9.3.tgz#bb71850690e1f136567de629d2d5471deda4c1e8"
    integrity sha1-u3GFBpDh8TZWfeYp0tVHHe2kweg=
    dependencies:
      color-name "1.1.3"
  
  color-name@1.1.3:
    version "1.1.3"
    resolved "https://registry.npm.taobao.org/color-name/download/color-name-1.1.3.tgz#a7d0558bd89c42f795dd42328f740831ca53bc25"
    integrity sha1-p9BVi9icQveV3UIyj3QIMcpTvCU=
  
  consolidate@^0.15.1:
    version "0.15.1"
    resolved "https://registry.npm.taobao.org/consolidate/download/consolidate-0.15.1.tgz#21ab043235c71a07d45d9aad98593b0dba56bab7"
    integrity sha1-IasEMjXHGgfUXZqtmFk7DbpWurc=
    dependencies:
      bluebird "^3.1.1"
  
  cssesc@^3.0.0:
    version "3.0.0"
    resolved "https://registry.npm.taobao.org/cssesc/download/cssesc-3.0.0.tgz#37741919903b868565e1c09ea747445cd18983ee"
    integrity sha1-N3QZGZA7hoVl4cCep0dEXNGJg+4=
  
  de-indent@^1.0.2:
    version "1.0.2"
    resolved "https://registry.npm.taobao.org/de-indent/download/de-indent-1.0.2.tgz#b2038e846dc33baa5796128d0804b455b8c1e21d"
    integrity sha1-sgOOhG3DO6pXlhKNCAS0VbjB4h0=
  
  echarts@^4.8.0:
    version "4.8.0"
    resolved "https://registry.npm.taobao.org/echarts/download/echarts-4.8.0.tgz#b2c1cfb9229b13d368ee104fc8eea600b574d4c4"
    integrity sha1-ssHPuSKbE9No7hBPyO6mALV01MQ=
    dependencies:
      zrender "4.3.1"
  
  escape-string-regexp@^1.0.5:
    version "1.0.5"
    resolved "https://registry.npm.taobao.org/escape-string-regexp/download/escape-string-regexp-1.0.5.tgz#1b61c0562190a8dff6ae3bb2cf0200ca130b86d4"
    integrity sha1-G2HAViGQqN/2rjuyzwIAyhMLhtQ=
  
  has-flag@^3.0.0:
    version "3.0.0"
    resolved "https://registry.npm.taobao.org/has-flag/download/has-flag-3.0.0.tgz#b5d454dc2199ae225699f3467e5a07f3b955bafd"
    integrity sha1-tdRU3CGZriJWmfNGfloH87lVuv0=
  
  hash-sum@^1.0.2:
    version "1.0.2"
    resolved "https://registry.npm.taobao.org/hash-sum/download/hash-sum-1.0.2.tgz#33b40777754c6432573c120cc3808bbd10d47f04"
    integrity sha1-M7QHd3VMZDJXPBIMw4CLvRDUfwQ=
  
  he@^1.1.0:
    version "1.2.0"
    resolved "https://registry.npm.taobao.org/he/download/he-1.2.0.tgz#84ae65fa7eafb165fddb61566ae14baf05664f0f"
    integrity sha1-hK5l+n6vsWX922FWauFLrwVmTw8=
  
  indexes-of@^1.0.1:
    version "1.0.1"
    resolved "https://registry.npm.taobao.org/indexes-of/download/indexes-of-1.0.1.tgz#f30f716c8e2bd346c7b67d3df3915566a7c05607"
    integrity sha1-8w9xbI4r00bHtn0985FVZqfAVgc=
  
  lru-cache@^4.1.2:
    version "4.1.5"
    resolved "https://registry.npm.taobao.org/lru-cache/download/lru-cache-4.1.5.tgz#8bbe50ea85bed59bc9e33dcab8235ee9bcf443cd"
    integrity sha1-i75Q6oW+1ZvJ4z3KuCNe6bz0Q80=
    dependencies:
      pseudomap "^1.0.2"
      yallist "^2.1.2"
  
  merge-source-map@^1.1.0:
    version "1.1.0"
    resolved "https://registry.npm.taobao.org/merge-source-map/download/merge-source-map-1.1.0.tgz#2fdde7e6020939f70906a68f2d7ae685e4c8c646"
    integrity sha1-L93n5gIJOfcJBqaPLXrmheTIxkY=
    dependencies:
      source-map "^0.6.1"
  
  postcss-selector-parser@^6.0.2:
    version "6.0.2"
    resolved "https://registry.npm.taobao.org/postcss-selector-parser/download/postcss-selector-parser-6.0.2.tgz?cache=0&sync_timestamp=1582039646348&other_urls=https%3A%2F%2Fregistry.npm.taobao.org%2Fpostcss-selector-parser%2Fdownload%2Fpostcss-selector-parser-6.0.2.tgz#934cf799d016c83411859e09dcecade01286ec5c"
    integrity sha1-k0z3mdAWyDQRhZ4J3Oyt4BKG7Fw=
    dependencies:
      cssesc "^3.0.0"
      indexes-of "^1.0.1"
      uniq "^1.0.1"
  
  postcss@^7.0.14:
    version "7.0.32"
    resolved "https://registry.npm.taobao.org/postcss/download/postcss-7.0.32.tgz#4310d6ee347053da3433db2be492883d62cec59d"
    integrity sha1-QxDW7jRwU9o0M9sr5JKIPWLOxZ0=
    dependencies:
      chalk "^2.4.2"
      source-map "^0.6.1"
      supports-color "^6.1.0"
  
  prettier@^1.18.2:
    version "1.19.1"
    resolved "https://registry.npm.taobao.org/prettier/download/prettier-1.19.1.tgz?cache=0&other_urls=https%3A%2F%2Fregistry.npm.taobao.org%2Fprettier%2Fdownload%2Fprettier-1.19.1.tgz#f7d7f5ff8a9cd872a7be4ca142095956a60797cb"
    integrity sha1-99f1/4qc2HKnvkyhQglZVqYHl8s=
  
  pseudomap@^1.0.2:
    version "1.0.2"
    resolved "https://registry.npm.taobao.org/pseudomap/download/pseudomap-1.0.2.tgz#f052a28da70e618917ef0a8ac34c1ae5a68286b3"
    integrity sha1-8FKijacOYYkX7wqKw0wa5aaChrM=
  
  source-map@^0.6.1, source-map@~0.6.1:
    version "0.6.1"
    resolved "https://registry.npm.taobao.org/source-map/download/source-map-0.6.1.tgz#74722af32e9614e9c287a8d0bbde48b5e2f1a263"
    integrity sha1-dHIq8y6WFOnCh6jQu95IteLxomM=
  
  supports-color@^5.3.0:
    version "5.5.0"
    resolved "https://registry.npm.taobao.org/supports-color/download/supports-color-5.5.0.tgz?cache=0&other_urls=https%3A%2F%2Fregistry.npm.taobao.org%2Fsupports-color%2Fdownload%2Fsupports-color-5.5.0.tgz#e2e69a44ac8772f78a1ec0b35b689df6530efc8f"
    integrity sha1-4uaaRKyHcveKHsCzW2id9lMO/I8=
    dependencies:
      has-flag "^3.0.0"
  
  supports-color@^6.1.0:
    version "6.1.0"
    resolved "https://registry.npm.taobao.org/supports-color/download/supports-color-6.1.0.tgz?cache=0&other_urls=https%3A%2F%2Fregistry.npm.taobao.org%2Fsupports-color%2Fdownload%2Fsupports-color-6.1.0.tgz#0764abc69c63d5ac842dd4867e8d025e880df8f3"
    integrity sha1-B2Srxpxj1ayELdSGfo0CXogN+PM=
    dependencies:
      has-flag "^3.0.0"
  
  typescript@^3.9.5:
    version "3.9.5"
    resolved "https://registry.npm.taobao.org/typescript/download/typescript-3.9.5.tgz?cache=0&sync_timestamp=1591598957068&other_urls=https%3A%2F%2Fregistry.npm.taobao.org%2Ftypescript%2Fdownload%2Ftypescript-3.9.5.tgz#586f0dba300cde8be52dd1ac4f7e1009c1b13f36"
    integrity sha1-WG8NujAM3ovlLdGsT34QCcGxPzY=
  
  uniq@^1.0.1:
    version "1.0.1"
    resolved "https://registry.npm.taobao.org/uniq/download/uniq-1.0.1.tgz#b31c5ae8254844a3a8281541ce2b04b865a734ff"
    integrity sha1-sxxa6CVIRKOoKBVBzisEuGWnNP8=
  
  vue-class-component@^7.1.0:
    version "7.2.3"
    resolved "https://registry.npm.taobao.org/vue-class-component/download/vue-class-component-7.2.3.tgz#a5b1abd53513a72ad51098752e2dedd499807cca"
    integrity sha1-pbGr1TUTpyrVEJh1Li3t1JmAfMo=
  
  vue-hot-reload-api@^2.3.4:
    version "2.3.4"
    resolved "https://registry.npm.taobao.org/vue-hot-reload-api/download/vue-hot-reload-api-2.3.4.tgz?cache=0&sync_timestamp=1568190386192&other_urls=https%3A%2F%2Fregistry.npm.taobao.org%2Fvue-hot-reload-api%2Fdownload%2Fvue-hot-reload-api-2.3.4.tgz#532955cc1eb208a3d990b3a9f9a70574657e08f2"
    integrity sha1-UylVzB6yCKPZkLOp+acFdGV+CPI=
  
  vue-property-decorator@^8.4.2:
    version "8.4.2"
    resolved "https://registry.npm.taobao.org/vue-property-decorator/download/vue-property-decorator-8.4.2.tgz#016e17f259f73bc547e77a50ce282ba18db4ee41"
    integrity sha1-AW4X8ln3O8VH53pQzigroY207kE=
    dependencies:
      vue-class-component "^7.1.0"
  
  vue-template-compiler@^2.6.11:
    version "2.6.11"
    resolved "https://registry.npm.taobao.org/vue-template-compiler/download/vue-template-compiler-2.6.11.tgz#c04704ef8f498b153130018993e56309d4698080"
    integrity sha1-wEcE749JixUxMAGJk+VjCdRpgIA=
    dependencies:
      de-indent "^1.0.2"
      he "^1.1.0"
  
  vue-template-es2015-compiler@^1.9.0:
    version "1.9.1"
    resolved "https://registry.npm.taobao.org/vue-template-es2015-compiler/download/vue-template-es2015-compiler-1.9.1.tgz#1ee3bc9a16ecbf5118be334bb15f9c46f82f5825"
    integrity sha1-HuO8mhbsv1EYvjNLsV+cRvgvWCU=
  
  vue@*:
    version "2.6.11"
    resolved "https://registry.npm.taobao.org/vue/download/vue-2.6.11.tgz#76594d877d4b12234406e84e35275c6d514125c5"
    integrity sha1-dllNh31LEiNEBuhONSdcbVFBJcU=
  
  yallist@^2.1.2:
    version "2.1.2"
    resolved "https://registry.npm.taobao.org/yallist/download/yallist-2.1.2.tgz#1c11f9218f076089a47dd512f93c6699a6a81d52"
    integrity sha1-HBH5IY8HYImkfdUS+TxmmaaoHVI=
  
  zrender@4.3.1:
    version "4.3.1"
    resolved "https://registry.npm.taobao.org/zrender/download/zrender-4.3.1.tgz#baf8aa6dc8187a2f819692d7d5f9bedfa2b90fa3"
    integrity sha1-uviqbcgYei+BlpLX1fm+36K5D6M=
